
running 0 tests

test result: ok. 0 passed; 0 failed; 0 ignored; 0 measured; 0 filtered out; finished in 0.00s


running 7 tests
test pwd::scheme::scheme_01::tests::test_scheme_01_hash_into_b64u_ok ... ok
test pwd::scheme::scheme_02::tests::test_scheme_02_hash_into_b64u_ok ... ok
test pwd::tests::test_multi_scheme_ok ... ok
test token::tests::test_token_display_ok ... ok
test token::tests::test_token_from_str_ok ... ok
test token::tests::test_token_validate_web_token_err_expired ... ok
test token::tests::test_token_validate_web_token_ok ... ok

test result: ok. 7 passed; 0 failed; 0 ignored; 0 measured; 0 filtered out; finished in 0.29s


running 34 tests
test model::task::tests::test_create_ok ... ok
test model::task::tests::test_delete_err_not_found ... ok
test model::task::tests::test_get_err_not_found ... ok
test model::task::tests::test_list_all_ok ... ok
test model::task::tests::test_list_by_ctime_ok ... ok
test model::task::tests::test_list_by_title_contains_ok ... ok
test model::task::tests::test_list_with_list_options_ok ... ok
test model::task::tests::test_update_ok ... ok
test model::taskprogress::tests::test_create_ok ... ok
test model::taskprogress::tests::test_delete_err_not_found ... ok
test model::taskprogress::tests::test_get_err_not_found ... ok
test model::taskprogress::tests::test_list_all_ok ... ok
test model::taskprogress::tests::test_list_by_ctime_ok ... ok
test model::taskprogress::tests::test_list_by_title_contains_ok ... ok
test model::taskprogress::tests::test_list_with_list_options_ok ... ok
test model::taskprogress::tests::test_update_ok ... ok
test model::tasktime::tests::test_create_ok ... ok
test model::tasktime::tests::test_delete_err_not_found ... ok
test model::tasktime::tests::test_get_err_not_found ... ok
test model::tasktime::tests::test_list_all_ok ... ok
test model::tasktime::tests::test_list_by_comment_contains_ok ... ok
test model::tasktime::tests::test_list_by_ctime_ok ... ok
test model::tasktime::tests::test_list_with_list_options_ok ... ok
test model::tasktime::tests::test_update_ok ... ok
test model::timerecord::tests::test_create_ok ... ok
test model::timerecord::tests::test_delete_err_not_found ... ok
test model::timerecord::tests::test_get_err_not_found ... ok
test model::timerecord::tests::test_list_all_ok ... ok
test model::timerecord::tests::test_list_by_ctime_ok ... ok
test model::timerecord::tests::test_list_by_place_contains_ok ... ok
test model::timerecord::tests::test_list_with_list_options_ok ... ok
test model::timerecord::tests::test_update_ok ... ok
test model::user::tests::test_create_ok ... ok
test model::user::tests::test_first_ok_demo1 ... ok

test result: ok. 34 passed; 0 failed; 0 ignored; 0 measured; 0 filtered out; finished in 3.36s


running 0 tests

test result: ok. 0 passed; 0 failed; 0 ignored; 0 measured; 0 filtered out; finished in 0.00s


running 0 tests

test result: ok. 0 passed; 0 failed; 0 ignored; 0 measured; 0 filtered out; finished in 0.00s


running 0 tests

test result: ok. 0 passed; 0 failed; 0 ignored; 0 measured; 0 filtered out; finished in 0.00s


running 0 tests

test result: ok. 0 passed; 0 failed; 0 ignored; 0 measured; 0 filtered out; finished in 0.00s


running 0 tests

test result: ok. 0 passed; 0 failed; 0 ignored; 0 measured; 0 filtered out; finished in 0.00s

